[14:34:30] [main/INFO]: Using standard Java JCE cipher.
[14:34:30] [main/INFO]: Using standard Java compressor.
[14:34:30] [main/INFO]: Enabled Waterfall version git:Waterfall-Bootstrap:1.19-R0.1-SNAPSHOT:42d9c68:500
[14:34:30] [main/INFO]: Not on Windows, attempting to use enhanced EpollEventLoop
[14:34:30] [main/WARN]: Epoll is not working, falling back to NIO: UnsatisfiedLinkError : could not load a native library: netty_transport_native_epoll_arm_32 @ io.netty.util.internal.NativeLibraryLoader:239
[14:34:30] [main/INFO]: Discovered module: ModuleSpec(name=cmd_alert, file=modules/cmd_alert.jar, provider=JenkinsModuleSource())
[14:34:30] [main/INFO]: Discovered module: ModuleSpec(name=cmd_find, file=modules/cmd_find.jar, provider=JenkinsModuleSource())
[14:34:30] [main/INFO]: Discovered module: ModuleSpec(name=cmd_list, file=modules/cmd_list.jar, provider=JenkinsModuleSource())
[14:34:30] [main/INFO]: Discovered module: ModuleSpec(name=cmd_send, file=modules/cmd_send.jar, provider=JenkinsModuleSource())
[14:34:30] [main/INFO]: Discovered module: ModuleSpec(name=cmd_server, file=modules/cmd_server.jar, provider=JenkinsModuleSource())
[14:34:30] [main/INFO]: Discovered module: ModuleSpec(name=reconnect_yaml, file=modules/reconnect_yaml.jar, provider=JenkinsModuleSource())
[14:34:30] [main/INFO]: Attempting to update plugin from null to ModuleVersion(build=500, git=42d9c68)
[14:34:30] [main/INFO]: Attempting to Jenkins download module cmd_alert v500
[14:34:33] [main/INFO]: Download complete
[14:34:33] [main/INFO]: Attempting to update plugin from null to ModuleVersion(build=500, git=42d9c68)
[14:34:33] [main/INFO]: Attempting to Jenkins download module cmd_find v500
[14:34:34] [main/INFO]: Download complete
[14:34:34] [main/INFO]: Attempting to update plugin from null to ModuleVersion(build=500, git=42d9c68)
[14:34:34] [main/INFO]: Attempting to Jenkins download module cmd_list v500
[14:34:34] [main/INFO]: Download complete
[14:34:34] [main/INFO]: Attempting to update plugin from null to ModuleVersion(build=500, git=42d9c68)
[14:34:34] [main/INFO]: Attempting to Jenkins download module cmd_send v500
[14:34:35] [main/INFO]: Download complete
[14:34:35] [main/INFO]: Attempting to update plugin from null to ModuleVersion(build=500, git=42d9c68)
[14:34:35] [main/INFO]: Attempting to Jenkins download module cmd_server v500
[14:34:35] [main/INFO]: Download complete
[14:34:35] [main/INFO]: Attempting to update plugin from null to ModuleVersion(build=500, git=42d9c68)
[14:34:35] [main/INFO]: Attempting to Jenkins download module reconnect_yaml v500
[14:34:35] [main/INFO]: Download complete
[14:34:35] [main/INFO]: Loaded plugin reconnect_yaml version git:reconnect_yaml:1.19-R0.1-SNAPSHOT:42d9c68:500 by WaterfallMC
[14:34:35] [main/INFO]: Loaded plugin cmd_find version git:cmd_find:1.19-R0.1-SNAPSHOT:42d9c68:500 by WaterfallMC
[14:34:35] [main/INFO]: Loaded plugin cmd_server version git:cmd_server:1.19-R0.1-SNAPSHOT:42d9c68:500 by WaterfallMC
[14:34:36] [main/INFO]: Loaded plugin cmd_alert version git:cmd_alert:1.19-R0.1-SNAPSHOT:42d9c68:500 by WaterfallMC
[14:34:36] [main/INFO]: Loaded plugin cmd_send version git:cmd_send:1.19-R0.1-SNAPSHOT:42d9c68:500 by WaterfallMC
[14:34:36] [main/INFO]: Loaded plugin cmd_list version git:cmd_list:1.19-R0.1-SNAPSHOT:42d9c68:500 by WaterfallMC
[14:34:36] [main/WARN]: Forced host server pvp is not defined
[14:34:36] [main/INFO]: Enabled plugin reconnect_yaml version git:reconnect_yaml:1.19-R0.1-SNAPSHOT:42d9c68:500 by WaterfallMC
[14:34:36] [main/INFO]: Enabled plugin cmd_find version git:cmd_find:1.19-R0.1-SNAPSHOT:42d9c68:500 by WaterfallMC
[14:34:36] [main/INFO]: Enabled plugin cmd_server version git:cmd_server:1.19-R0.1-SNAPSHOT:42d9c68:500 by WaterfallMC
[14:34:36] [main/INFO]: Enabled plugin cmd_alert version git:cmd_alert:1.19-R0.1-SNAPSHOT:42d9c68:500 by WaterfallMC
[14:34:36] [main/INFO]: Enabled plugin cmd_send version git:cmd_send:1.19-R0.1-SNAPSHOT:42d9c68:500 by WaterfallMC
[14:34:36] [main/INFO]: Enabled plugin cmd_list version git:cmd_list:1.19-R0.1-SNAPSHOT:42d9c68:500 by WaterfallMC
[14:34:37] [Netty Boss IO Thread #0/INFO]: Listening on /0.0.0.0:25577
[14:34:44] [Shutdown Thread/INFO]: Closing listener [id: 0xd9516e78, L:/0:0:0:0:0:0:0:0:25577]
[14:34:44] [Shutdown Thread/INFO]: Closing pending connections
[14:34:44] [Shutdown Thread/INFO]: Disconnecting 0 connections
[14:34:45] [Shutdown Thread/INFO]: Saving reconnect locations
[14:34:45] [Shutdown Thread/INFO]: Disabling plugins
[14:34:45] [Shutdown Thread/INFO]: Closing IO threads
[14:34:47] [Shutdown Thread/INFO]: Thank you and goodbye
